<?xml version="1.0" encoding="UTF-8" ?>
<testsuite tests="12" failures="12" name="com.wg.dabms.a.service.UserServiceTest" time="0" errors="0" skipped="0">
  <properties>
    <property name="java.runtime.name" value="OpenJDK Runtime Environment"/>
    <property name="java.vm.version" value="21.0.3+9-LTS"/>
    <property name="sun.boot.library.path" value="C:\Users\ljain\eclipse\plugins\org.eclipse.justj.openjdk.hotspot.jre.full.win32.x86_64_21.0.3.v20240426-1530\jre\bin"/>
    <property name="maven.multiModuleProjectDirectory" value="C:\Users\ljain\OneDrive - WatchGuard Technologies Inc\Desktop\New folder\Z-project-5"/>
    <property name="java.vm.vendor" value="Eclipse Adoptium"/>
    <property name="java.vendor.url" value="https://adoptium.net/"/>
    <property name="guice.disable.misplaced.annotation.check" value="true"/>
    <property name="path.separator" value=";"/>
    <property name="java.vm.name" value="OpenJDK 64-Bit Server VM"/>
    <property name="sun.os.patch.level" value=""/>
    <property name="user.script" value=""/>
    <property name="user.country" value="US"/>
    <property name="sun.java.launcher" value="SUN_STANDARD"/>
    <property name="java.vm.specification.name" value="Java Virtual Machine Specification"/>
    <property name="user.dir" value="C:\Users\ljain\OneDrive - WatchGuard Technologies Inc\Desktop\New folder\Z-project-5"/>
    <property name="java.vm.compressedOopsMode" value="Zero based"/>
    <property name="java.runtime.version" value="21.0.3+9-LTS"/>
    <property name="os.arch" value="amd64"/>
    <property name="java.io.tmpdir" value="C:\Users\ljain\AppData\Local\Temp\"/>
    <property name="line.separator" value="
"/>
    <property name="java.vm.specification.vendor" value="Oracle Corporation"/>
    <property name="user.variant" value=""/>
    <property name="stderr.encoding" value="cp437"/>
    <property name="os.name" value="Windows 11"/>
    <property name="classworlds.conf" value="C:\Program Files\Apache\Maven\apache-maven-3.8.8\bin\m2.conf"/>
    <property name="sun.jnu.encoding" value="Cp1252"/>
    <property name="stdout.encoding" value="cp437"/>
    <property name="java.library.path" value="C:\Users\ljain\eclipse\plugins\org.eclipse.justj.openjdk.hotspot.jre.full.win32.x86_64_21.0.3.v20240426-1530\jre\bin;C:\Windows\Sun\Java\bin;C:\Windows\system32;C:\Windows;C:/Users/ljain/eclipse//plugins/org.eclipse.justj.openjdk.hotspot.jre.full.win32.x86_64_21.0.3.v20240426-1530/jre/bin/server;C:/Users/ljain/eclipse//plugins/org.eclipse.justj.openjdk.hotspot.jre.full.win32.x86_64_21.0.3.v20240426-1530/jre/bin;C:\Program Files\Java\jdk-22\bin;C:\Program Files\Common Files\Oracle\Java\javapath;C:\Windows\system32;C:\Windows;C:\Windows\System32\Wbem;C:\Windows\System32\WindowsPowerShell\v1.0\;C:\Windows\System32\OpenSSH\;C:\Program Files\dotnet\;C:\Program Files\MySQL\MySQL Server 8.0\bin;C:\Program Files\Git\cmd;C:\Program Files\Apache\Maven\apache-maven-3.8.8\bin;C:\Program Files\MySQL\MySQL Shell 8.0\bin\;C:\Users\ljain\AppData\Local\Microsoft\WindowsApps;;C:\Users\ljain\eclipse;;."/>
    <property name="maven.conf" value="C:\Program Files\Apache\Maven\apache-maven-3.8.8/conf"/>
    <property name="jdk.debug" value="release"/>
    <property name="java.class.version" value="65.0"/>
    <property name="java.specification.name" value="Java Platform API Specification"/>
    <property name="sun.management.compiler" value="HotSpot 64-Bit Tiered Compilers"/>
    <property name="os.version" value="10.0"/>
    <property name="library.jansi.path" value="C:\Program Files\Apache\Maven\apache-maven-3.8.8\lib\jansi-native"/>
    <property name="user.home" value="C:\Users\ljain"/>
    <property name="user.timezone" value="Asia/Calcutta"/>
    <property name="file.encoding" value="UTF-8"/>
    <property name="java.specification.version" value="21"/>
    <property name="user.name" value="ljain"/>
    <property name="java.class.path" value="C:\Program Files\Apache\Maven\apache-maven-3.8.8\boot\plexus-classworlds-2.6.0.jar"/>
    <property name="java.vm.specification.version" value="21"/>
    <property name="sun.arch.data.model" value="64"/>
    <property name="sun.java.command" value="org.codehaus.plexus.classworlds.launcher.Launcher package"/>
    <property name="java.home" value="C:\Users\ljain\eclipse\plugins\org.eclipse.justj.openjdk.hotspot.jre.full.win32.x86_64_21.0.3.v20240426-1530\jre"/>
    <property name="user.language" value="en"/>
    <property name="java.specification.vendor" value="Oracle Corporation"/>
    <property name="java.vm.info" value="mixed mode"/>
    <property name="java.version" value="21.0.3"/>
    <property name="native.encoding" value="Cp1252"/>
    <property name="java.vendor" value="Eclipse Adoptium"/>
    <property name="maven.home" value="C:\Program Files\Apache\Maven\apache-maven-3.8.8"/>
    <property name="file.separator" value="\"/>
    <property name="java.version.date" value="2024-04-16"/>
    <property name="java.vendor.url.bug" value="https://github.com/adoptium/adoptium-support/issues"/>
    <property name="sun.io.unicode.encoding" value="UnicodeLittle"/>
    <property name="sun.cpu.endian" value="little"/>
    <property name="java.vendor.version" value="Temurin-21.0.3+9"/>
    <property name="sun.cpu.isalist" value="amd64"/>
  </properties>
  <testcase classname="com.wg.dabms.a.service.UserServiceTest" name="com.wg.dabms.a.service.UserServiceTest.testCreateUser" time="0">
    <failure message="Cannot invoke &quot;com.wg.dabms.a.dao.UserDAO.createUser(com.wg.dabms.model.User)&quot; because &quot;this.userDAO&quot; is null" type="java.lang.NullPointerException">java.lang.NullPointerException: Cannot invoke &quot;com.wg.dabms.a.dao.UserDAO.createUser(com.wg.dabms.model.User)&quot; because &quot;this.userDAO&quot; is null
	at com.wg.dabms.a.service.UserServiceTest.testCreateUser(UserServiceTest.java:67)
</failure>
  </testcase>
  <testcase classname="com.wg.dabms.a.service.UserServiceTest" name="com.wg.dabms.a.service.UserServiceTest.testGetUserById" time="0">
    <failure message="Cannot invoke &quot;com.wg.dabms.a.dao.UserDAO.getUserById(String)&quot; because &quot;this.userDAO&quot; is null" type="java.lang.NullPointerException">java.lang.NullPointerException: Cannot invoke &quot;com.wg.dabms.a.dao.UserDAO.getUserById(String)&quot; because &quot;this.userDAO&quot; is null
	at com.wg.dabms.a.service.UserServiceTest.testGetUserById(UserServiceTest.java:47)
</failure>
  </testcase>
  <testcase classname="com.wg.dabms.a.service.UserServiceTest" name="com.wg.dabms.a.service.UserServiceTest.testGetAllUsers" time="0">
    <failure message="Cannot invoke &quot;com.wg.dabms.a.dao.UserDAO.getAllUsers()&quot; because &quot;this.userDAO&quot; is null" type="java.lang.NullPointerException">java.lang.NullPointerException: Cannot invoke &quot;com.wg.dabms.a.dao.UserDAO.getAllUsers()&quot; because &quot;this.userDAO&quot; is null
	at com.wg.dabms.a.service.UserServiceTest.testGetAllUsers(UserServiceTest.java:57)
</failure>
  </testcase>
  <testcase classname="com.wg.dabms.a.service.UserServiceTest" name="com.wg.dabms.a.service.UserServiceTest.testUpdateUser" time="0">
    <failure message="Cannot invoke &quot;com.wg.dabms.a.dao.UserDAO.updateUser(com.wg.dabms.model.User)&quot; because &quot;this.userDAO&quot; is null" type="java.lang.NullPointerException">java.lang.NullPointerException: Cannot invoke &quot;com.wg.dabms.a.dao.UserDAO.updateUser(com.wg.dabms.model.User)&quot; because &quot;this.userDAO&quot; is null
	at com.wg.dabms.a.service.UserServiceTest.testUpdateUser(UserServiceTest.java:77)
</failure>
  </testcase>
  <testcase classname="com.wg.dabms.a.service.UserServiceTest" name="com.wg.dabms.a.service.UserServiceTest.testDeleteUser" time="0">
    <failure message="Cannot invoke &quot;com.wg.dabms.a.dao.UserDAO.deleteUser(String)&quot; because &quot;this.userDAO&quot; is null" type="java.lang.NullPointerException">java.lang.NullPointerException: Cannot invoke &quot;com.wg.dabms.a.dao.UserDAO.deleteUser(String)&quot; because &quot;this.userDAO&quot; is null
	at com.wg.dabms.a.service.UserServiceTest.testDeleteUser(UserServiceTest.java:87)
</failure>
  </testcase>
  <testcase classname="com.wg.dabms.a.service.UserServiceTest" name="com.wg.dabms.a.service.UserServiceTest.testFindByEmail" time="0">
    <failure message="Cannot invoke &quot;com.wg.dabms.a.dao.UserDAO.findByEmail(String)&quot; because &quot;this.userDAO&quot; is null" type="java.lang.NullPointerException">java.lang.NullPointerException: Cannot invoke &quot;com.wg.dabms.a.dao.UserDAO.findByEmail(String)&quot; because &quot;this.userDAO&quot; is null
	at com.wg.dabms.a.service.UserServiceTest.testFindByEmail(UserServiceTest.java:117)
</failure>
  </testcase>
  <testcase classname="com.wg.dabms.a.service.UserServiceTest" name="com.wg.dabms.a.service.UserServiceTest.testFindUsersByUsernameAndRole" time="0">
    <failure message="Cannot invoke &quot;com.wg.dabms.a.dao.UserDAO.findUsersByUsernameAndRole(String, com.wg.dabms.model.enums.Role)&quot; because &quot;this.userDAO&quot; is null" type="java.lang.NullPointerException">java.lang.NullPointerException: Cannot invoke &quot;com.wg.dabms.a.dao.UserDAO.findUsersByUsernameAndRole(String, com.wg.dabms.model.enums.Role)&quot; because &quot;this.userDAO&quot; is null
	at com.wg.dabms.a.service.UserServiceTest.testFindUsersByUsernameAndRole(UserServiceTest.java:140)
</failure>
  </testcase>
  <testcase classname="com.wg.dabms.a.service.UserServiceTest" name="com.wg.dabms.a.service.UserServiceTest.testFindUsersByUsername" time="0">
    <failure message="Cannot invoke &quot;com.wg.dabms.a.dao.UserDAO.findUsersByUsername(String)&quot; because &quot;this.userDAO&quot; is null" type="java.lang.NullPointerException">java.lang.NullPointerException: Cannot invoke &quot;com.wg.dabms.a.dao.UserDAO.findUsersByUsername(String)&quot; because &quot;this.userDAO&quot; is null
	at com.wg.dabms.a.service.UserServiceTest.testFindUsersByUsername(UserServiceTest.java:107)
</failure>
  </testcase>
  <testcase classname="com.wg.dabms.a.service.UserServiceTest" name="com.wg.dabms.a.service.UserServiceTest.testUpdateUserProfile" time="0">
    <failure message="Cannot invoke &quot;com.wg.dabms.a.dao.UserDAO.updateUser(com.wg.dabms.model.User)&quot; because &quot;this.userDAO&quot; is null" type="java.lang.NullPointerException">java.lang.NullPointerException: Cannot invoke &quot;com.wg.dabms.a.dao.UserDAO.updateUser(com.wg.dabms.model.User)&quot; because &quot;this.userDAO&quot; is null
	at com.wg.dabms.a.service.UserServiceTest.testUpdateUserProfile(UserServiceTest.java:36)
</failure>
  </testcase>
  <testcase classname="com.wg.dabms.a.service.UserServiceTest" name="com.wg.dabms.a.service.UserServiceTest.testGetUsersByDepartment" time="0">
    <failure message="Cannot invoke &quot;com.wg.dabms.a.dao.UserDAO.findUsersByDepartment(com.wg.dabms.model.enums.Department)&quot; because &quot;this.userDAO&quot; is null" type="java.lang.NullPointerException">java.lang.NullPointerException: Cannot invoke &quot;com.wg.dabms.a.dao.UserDAO.findUsersByDepartment(com.wg.dabms.model.enums.Department)&quot; because &quot;this.userDAO&quot; is null
	at com.wg.dabms.a.service.UserServiceTest.testGetUsersByDepartment(UserServiceTest.java:128)
</failure>
  </testcase>
  <testcase classname="com.wg.dabms.a.service.UserServiceTest" name="com.wg.dabms.a.service.UserServiceTest.testEmailExists" time="0">
    <failure message="Cannot invoke &quot;com.wg.dabms.a.dao.UserDAO.findByEmail(String)&quot; because &quot;this.userDAO&quot; is null" type="java.lang.NullPointerException">java.lang.NullPointerException: Cannot invoke &quot;com.wg.dabms.a.dao.UserDAO.findByEmail(String)&quot; because &quot;this.userDAO&quot; is null
	at com.wg.dabms.a.service.UserServiceTest.testEmailExists(UserServiceTest.java:151)
</failure>
  </testcase>
  <testcase classname="com.wg.dabms.a.service.UserServiceTest" name="com.wg.dabms.a.service.UserServiceTest.testGetUsersByRole" time="0">
    <failure message="Cannot invoke &quot;com.wg.dabms.a.dao.UserDAO.findUsersByRole(com.wg.dabms.model.enums.Role)&quot; because &quot;this.userDAO&quot; is null" type="java.lang.NullPointerException">java.lang.NullPointerException: Cannot invoke &quot;com.wg.dabms.a.dao.UserDAO.findUsersByRole(com.wg.dabms.model.enums.Role)&quot; because &quot;this.userDAO&quot; is null
	at com.wg.dabms.a.service.UserServiceTest.testGetUsersByRole(UserServiceTest.java:98)
</failure>
  </testcase>
</testsuite>